[I 2024-08-06 18:58:58.806 ServerApp] jupyter_lsp | extension was successfully linked.
[I 2024-08-06 18:58:58.809 ServerApp] jupyter_server_terminals | extension was successfully linked.
[I 2024-08-06 18:58:58.813 ServerApp] jupyterlab | extension was successfully linked.
[I 2024-08-06 18:58:58.814 ServerApp] Writing Jupyter server cookie secret to /home/ubuntu/.local/share/jupyter/runtime/jupyter_cookie_secret
[I 2024-08-06 18:58:59.202 ServerApp] notebook_shim | extension was successfully linked.
[I 2024-08-06 18:58:59.226 ServerApp] notebook_shim | extension was successfully loaded.
[I 2024-08-06 18:58:59.227 ServerApp] jupyter_lsp | extension was successfully loaded.
[I 2024-08-06 18:58:59.228 ServerApp] jupyter_server_terminals | extension was successfully loaded.
[I 2024-08-06 18:58:59.230 LabApp] JupyterLab extension loaded from /home/ubuntu/my_env/lib/python3.12/site-packages/jupyterlab
[I 2024-08-06 18:58:59.230 LabApp] JupyterLab application directory is /home/ubuntu/my_env/share/jupyter/lab
[I 2024-08-06 18:58:59.230 LabApp] Extension Manager is 'pypi'.
[I 2024-08-06 18:58:59.261 ServerApp] jupyterlab | extension was successfully loaded.
[I 2024-08-06 18:58:59.262 ServerApp] Serving notebooks from local directory: /home/ubuntu
[I 2024-08-06 18:58:59.262 ServerApp] Jupyter Server 2.14.2 is running at:
[I 2024-08-06 18:58:59.262 ServerApp] http://ip-172-31-5-214:8888/lab?token=d94bc05cacedf30171b8879d8f265766b4d27a71bf733854
[I 2024-08-06 18:58:59.262 ServerApp]     http://127.0.0.1:8888/lab?token=d94bc05cacedf30171b8879d8f265766b4d27a71bf733854
[I 2024-08-06 18:58:59.262 ServerApp] Use Control-C to stop this server and shut down all kernels (twice to skip confirmation).
[C 2024-08-06 18:58:59.265 ServerApp] 
    
    To access the server, open this file in a browser:
        file:///home/ubuntu/.local/share/jupyter/runtime/jpserver-965-open.html
    Or copy and paste one of these URLs:
        http://ip-172-31-5-214:8888/lab?token=d94bc05cacedf30171b8879d8f265766b4d27a71bf733854
        http://127.0.0.1:8888/lab?token=d94bc05cacedf30171b8879d8f265766b4d27a71bf733854
[I 2024-08-06 18:58:59.278 ServerApp] Skipped non-installed server(s): bash-language-server, dockerfile-language-server-nodejs, javascript-typescript-langserver, jedi-language-server, julia-language-server, pyright, python-language-server, python-lsp-server, r-languageserver, sql-language-server, texlab, typescript-language-server, unified-language-server, vscode-css-languageserver-bin, vscode-html-languageserver-bin, vscode-json-languageserver-bin, yaml-language-server
[I 2024-08-06 18:59:33.540 ServerApp] Malformed HTTP message from 189.120.75.26: Malformed HTTP request line
[I 2024-08-06 18:59:36.531 ServerApp] 302 GET / (@189.120.75.26) 0.37ms
[I 2024-08-06 18:59:36.552 LabApp] 302 GET /lab? (@189.120.75.26) 0.42ms
[I 2024-08-06 18:59:55.218 ServerApp] User 38c1d1ee9f5745e1bb1d45eca70ac81f logged in.
[I 2024-08-06 18:59:55.219 ServerApp] 302 POST /login?next=%2Flab%3F (38c1d1ee9f5745e1bb1d45eca70ac81f@189.120.75.26) 1.01ms
[W 2024-08-06 18:59:56.579 LabApp] Could not determine jupyterlab build status without nodejs
[I 2024-08-06 19:02:59.775 ServerApp] Writing notebook-signing key to /home/ubuntu/.local/share/jupyter/notebook_secret
[W 2024-08-06 19:02:59.775 ServerApp] Notebook cl_st1_eduardo/CL_St1_Ph1_Eduardo.ipynb is not trusted
[I 2024-08-06 19:03:08.579 ServerApp] Kernel started: 626883a5-e2e6-486b-870e-b782b995eb2a
[I 2024-08-06 19:03:09.079 ServerApp] Connecting to kernel 626883a5-e2e6-486b-870e-b782b995eb2a.
[I 2024-08-06 19:03:09.100 ServerApp] Connecting to kernel 626883a5-e2e6-486b-870e-b782b995eb2a.
[I 2024-08-06 19:03:09.126 ServerApp] Connecting to kernel 626883a5-e2e6-486b-870e-b782b995eb2a.
[W 2024-08-06 19:03:28.095 ServerApp] Notebook laelgelc/CL_webvtt-py_Extraction.ipynb is not trusted
[I 2024-08-06 19:03:28.396 ServerApp] Kernel started: 66157d45-731c-4adf-a36c-0625e63d5a3a
[I 2024-08-06 19:03:28.773 ServerApp] Connecting to kernel 66157d45-731c-4adf-a36c-0625e63d5a3a.
[W 2024-08-06 19:04:08.342 ServerApp] Notebook cl_st1_inrs/CL_St1_Ph1_INRS.ipynb is not trusted
[I 2024-08-06 19:04:09.038 ServerApp] Kernel started: ed8cea4c-bd3a-4b99-aa43-b7c41e520fcd
[I 2024-08-06 19:04:09.435 ServerApp] Connecting to kernel ed8cea4c-bd3a-4b99-aa43-b7c41e520fcd.
[I 2024-08-06 19:04:09.470 ServerApp] Connecting to kernel ed8cea4c-bd3a-4b99-aa43-b7c41e520fcd.
[I 2024-08-06 19:04:09.496 ServerApp] Connecting to kernel ed8cea4c-bd3a-4b99-aa43-b7c41e520fcd.
[I 2024-08-06 19:04:59.813 ServerApp] Saving file at /cl_st1_eduardo/CL_St1_Ph1_Eduardo.ipynb
[I 2024-08-06 19:05:28.176 ServerApp] Saving file at /laelgelc/CL_webvtt-py_Extraction.ipynb
[W 2024-08-06 19:05:28.176 ServerApp] Notebook laelgelc/CL_webvtt-py_Extraction.ipynb is not trusted
[I 2024-08-06 19:06:59.895 ServerApp] Saving file at /cl_st1_eduardo/CL_St1_Ph1_Eduardo.ipynb
[I 2024-08-06 19:08:59.958 ServerApp] Saving file at /cl_st1_eduardo/CL_St1_Ph1_Eduardo.ipynb
[I 2024-08-06 19:11:00.019 ServerApp] Saving file at /cl_st1_eduardo/CL_St1_Ph1_Eduardo.ipynb
[I 2024-08-06 19:13:00.480 ServerApp] Saving file at /cl_st1_eduardo/CL_St1_Ph1_Eduardo.ipynb
[I 2024-08-06 19:15:00.549 ServerApp] Saving file at /cl_st1_eduardo/CL_St1_Ph1_Eduardo.ipynb
[W 2024-08-06 19:16:09.891 ServerApp] Notebook cl_st1_inrs/CL_St1_Ph2_INRS.ipynb is not trusted
[I 2024-08-06 19:16:10.169 ServerApp] Kernel started: c8061981-98cc-4e1e-9280-3952fdf2eb37
[I 2024-08-06 19:16:10.547 ServerApp] Connecting to kernel c8061981-98cc-4e1e-9280-3952fdf2eb37.
[I 2024-08-06 19:17:00.595 ServerApp] Saving file at /cl_st1_eduardo/CL_St1_Ph1_Eduardo.ipynb
[I 2024-08-06 19:19:01.459 ServerApp] Saving file at /cl_st1_eduardo/CL_St1_Ph1_Eduardo.ipynb
[I 2024-08-06 19:21:02.459 ServerApp] Saving file at /cl_st1_eduardo/CL_St1_Ph1_Eduardo.ipynb
[I 2024-08-06 19:23:03.485 ServerApp] Saving file at /cl_st1_eduardo/CL_St1_Ph1_Eduardo.ipynb
[I 2024-08-06 19:25:04.467 ServerApp] Saving file at /cl_st1_eduardo/CL_St1_Ph1_Eduardo.ipynb
[I 2024-08-06 19:25:13.624 ServerApp] Saving file at /cl_st1_eduardo/CL_St1_Ph1_Eduardo.ipynb
[I 2024-08-06 21:12:56.411 ServerApp] Kernel shutdown: 626883a5-e2e6-486b-870e-b782b995eb2a
[I 2024-08-06 21:12:56.412 ServerApp] Kernel shutdown: 66157d45-731c-4adf-a36c-0625e63d5a3a
[I 2024-08-06 21:12:56.416 ServerApp] Kernel shutdown: ed8cea4c-bd3a-4b99-aa43-b7c41e520fcd
[I 2024-08-06 21:12:56.421 ServerApp] Kernel shutdown: c8061981-98cc-4e1e-9280-3952fdf2eb37
[I 2024-08-06 21:13:07.598 ServerApp] Shutting down on /api/shutdown request.
[I 2024-08-06 21:13:07.598 ServerApp] Shutting down 4 extensions
